<?xml version="1.0" encoding="UTF-8"?>
<testsuite xmlns:xsi="http://www.w3.org/2001/XMLSchema-instance" xsi:noNamespaceSchemaLocation="https://maven.apache.org/surefire/maven-surefire-plugin/xsd/surefire-test-report.xsd" name="PSB.TestDirectory.AdminRoleTest" time="24.119" tests="4" errors="1" skipped="0" failures="0">
  <properties>
[...]
</properties>
  <testcase name="AdminRoleEdit" classname="PSB.TestDirectory.AdminRoleTest" time="4.27"/>
  <testcase name="AdminCreationRole" classname="PSB.TestDirectory.AdminRoleTest" time="4.065"/>
  <testcase name="AdminRoleDelete" classname="PSB.TestDirectory.AdminRoleTest" time="2.658"/>
  <testcase name="PSB.TestDirectory.AdminRoleTest" classname="PSB.TestDirectory.AdminRoleTest" time="15.584">
    <error message="Cannot locate an element using xpath=//body/div[@id=&apos;app&apos;]/section[1]/nav[1]/section[1]/section[1]/*[2]&#10;For documentation on this error, please visit: https://www.seleniumhq.org/exceptions/no_such_element.html&#10;Build info: version: &apos;3.141.59&apos;, revision: &apos;e82be7d358&apos;, time: &apos;2018-11-14T08:17:03&apos;&#10;System info: host: &apos;LAPTOP-JDH4BHF5&apos;, ip: &apos;10.11.9.186&apos;, os.name: &apos;Windows 8.1&apos;, os.arch: &apos;x86&apos;, os.version: &apos;6.3&apos;, java.version: &apos;1.8.0_41&apos;&#10;Driver info: driver.version: RemoteWebDriver" type="org.openqa.selenium.NoSuchElementException">org.openqa.selenium.NoSuchElementException: 
Cannot locate an element using xpath=//body/div[@id='app']/section[1]/nav[1]/section[1]/section[1]/*[2]
For documentation on this error, please visit: https://www.seleniumhq.org/exceptions/no_such_element.html
Build info: version: '3.141.59', revision: 'e82be7d358', time: '2018-11-14T08:17:03'
System info: host: 'LAPTOP-JDH4BHF5', ip: '10.11.9.186', os.name: 'Windows 8.1', os.arch: 'x86', os.version: '6.3', java.version: '1.8.0_41'
Driver info: driver.version: RemoteWebDriver
</error>
  </testcase>
</testsuite>